<?xml version="1.0" encoding="UTF-8"?>
<!-- Generated by org.testng.reporters.JUnitXMLReporter -->
<testsuite ignored="0" hostname="DESKTOP-IF7542D" failures="1" tests="2" name="Error Validations Test" time="22.632" errors="0" timestamp="2026-06-18T19:34:48 IST">
  <testcase classname="rahulshettyacademy.tests.ErrorValidationsTest" name="CheckoutProductErrorTest" time="2.529"/>
  <testcase classname="rahulshettyacademy.tests.ErrorValidationsTest" name="LoginErrorMsgTest" time="0.82">
    <failure type="java.lang.AssertionError" message="expected [Incorrect email or password.] but found [Icoect mail  password.]">
      <![CDATA[java.lang.AssertionError: expected [Incorrect email or password.] but found [Icoect mail  password.]
at rahulshettyacademy.tests.ErrorValidationsTest.LoginErrorMsgTest(ErrorValidationsTest.java:43)
at java.base/java.util.ArrayList.forEach(ArrayList.java:1511)
at java.base/java.util.concurrent.FutureTask.run(FutureTask.java:264)
at java.base/java.util.concurrent.ThreadPoolExecutor.runWorker(ThreadPoolExecutor.java:1136)
at java.base/java.util.concurrent.ThreadPoolExecutor$Worker.run(ThreadPoolExecutor.java:635)
at java.base/java.lang.Thread.run(Thread.java:833)
... Removed 21 stack frames]]>
    </failure>
  </testcase> <!-- LoginErrorMsgTest -->
</testsuite> <!-- Error Validations Test -->
