<?xml version="1.0" encoding="UTF-8"?>
<!-- Generated by org.testng.reporters.JUnitXMLReporter -->
<testsuite ignored="0" hostname="DESKTOP-IF7542D" failures="0" tests="3" name="Submit Order E2E Test" time="37.309" errors="0" timestamp="2026-06-18T19:35:03 IST">
  <testcase classname="rahulshettyacademy.tests.SubmitOrderPOMTest" name="SubmitOrderTest" time="3.004"/>
  <testcase classname="rahulshettyacademy.tests.SubmitOrderPOMTest" name="SubmitOrderTest" time="2.834"/>
  <testcase classname="rahulshettyacademy.tests.SubmitOrderPOMTest" name="checkOrderHistory" time="0.847"/>
</testsuite> <!-- Submit Order E2E Test -->
