<?xml version="1.0" encoding="UTF-8"?>
<!-- Generated by org.testng.reporters.JUnitXMLReporter -->
<testsuite ignored="1" hostname="DESKTOP-IF7542D" failures="0" tests="1" name="Error Validations Test" time="10.676" errors="0" timestamp="2026-06-19T23:39:02 IST">
  <testcase classname="rahulshettyacademy.tests.ErrorValidationsTest" name="LoginErrorMsgTest" time="0.716"/>
  <testcase classname="rahulshettyacademy.tests.ErrorValidationsTest" name="CheckoutProductErrorTest" time="0.0">
    <ignored/>
  </testcase> <!-- CheckoutProductErrorTest -->
</testsuite> <!-- Error Validations Test -->
