<?xml version="1.0" encoding="UTF-8"?>
<!-- Generated by org.testng.reporters.JUnitReportReporter -->
<testsuite hostname="DESKTOP-IF7542D" failures="0" tests="3" name="rahulshettyacademy.tests.SubmitOrderPOMTest" time="37.158" errors="0" timestamp="2026-06-18T19:35:03 IST" skipped="0">
  <testcase classname="rahulshettyacademy.tests.SubmitOrderPOMTest" name="SubmitOrderTest" time="14.991"/>
  <testcase classname="rahulshettyacademy.tests.SubmitOrderPOMTest" name="checkOrderHistory" time="8.097"/>
  <testcase classname="rahulshettyacademy.tests.SubmitOrderPOMTest" name="SubmitOrderTest" time="14.070"/>
</testsuite> <!-- rahulshettyacademy.tests.SubmitOrderPOMTest -->
